<?xml version="1.0" encoding="UTF-8"?>
<!-- Generated by org.testng.reporters.JUnitXMLReporter -->
<testsuite hostname="Lenovo-PC" ignored="2" name="Default test(failed)(failed)(failed)" tests="1" failures="1" timestamp="07 Mar 2019 16:10:11 GMT" time="1.224" errors="0">
  <testcase name="f" time="0.015" classname="ST.OLB.Dataa11">
    <failure type="java.lang.NullPointerException">
      <![CDATA[java.lang.NullPointerException
at ST.OLB.Dataa11.f(Dataa11.java:41)
... Removed 25 stack frames]]>
    </failure>
  </testcase> <!-- f -->
  <testcase name="afterMethod" time="0.0" classname="ST.OLB.Dataa11">
    <ignored/>
  </testcase> <!-- afterMethod -->
  <testcase name="beforeMethod" time="0.0" classname="ST.OLB.Dataa11">
    <ignored/>
  </testcase> <!-- beforeMethod -->
</testsuite> <!-- Default test(failed)(failed)(failed) -->
